<?xml version="1.0" encoding="UTF-8"?>
<!-- Generated by org.testng.reporters.JUnitReportReporter -->
<testsuite hostname="DESKTOP-25CLBES" failures="0" tests="1" name="org.classworks.Parametrssss" time="1.643" errors="0" timestamp="13 Sep 2023 16:53:58 GMT" skipped="0">
  <testcase classname="org.classworks.Parametrssss" name="LaunchUrl" time="1.643"/>
</testsuite> <!-- org.classworks.Parametrssss -->
