<?xml version="1.0" encoding="UTF-8"?>
<!-- Generated by org.testng.reporters.JUnitReportReporter -->
<testsuite hostname="DESKTOP-25CLBES" failures="0" tests="3" name="org.myproject.Sample" time="0.003" errors="0" timestamp="13 Sep 2023 05:13:36 GMT" skipped="1">
  <testcase classname="org.myproject.Sample" name="tc3" time="0.002"/>
  <testcase classname="org.myproject.Sample" name="tc2" time="0.001"/>
  <testcase classname="org.myproject.Sample" name="tc1">
    <skipped/>
  </testcase> <!-- tc1 -->
</testsuite> <!-- org.myproject.Sample -->
